<?xml version="1.0" encoding="UTF-8"?>
<coverage generated="1707405959610" clover="3.2.0">
  <project timestamp="1707405959610" name="All files">
    <metrics statements="158" coveredstatements="154" conditionals="80" coveredconditionals="67" methods="38" coveredmethods="36" elements="276" coveredelements="257" complexity="0" loc="158" ncloc="158" packages="4" files="8" classes="8"/>
    <package name="Errors">
      <metrics statements="30" coveredstatements="28" conditionals="13" coveredconditionals="11" methods="8" coveredmethods="8"/>
      <file name="customErrors.ts" path="D:\Грушевский\Programming\RS_School\crud-api-nodejs\src\Errors\customErrors.ts">
        <metrics statements="16" coveredstatements="16" conditionals="7" coveredconditionals="6" methods="7" coveredmethods="7"/>
        <line num="17" count="1" type="stmt"/>
        <line num="22" count="35" type="stmt"/>
        <line num="23" count="35" type="stmt"/>
        <line num="24" count="35" type="stmt"/>
        <line num="28" count="1" type="stmt"/>
        <line num="30" count="3" type="stmt"/>
        <line num="34" count="1" type="stmt"/>
        <line num="36" count="1" type="stmt"/>
        <line num="40" count="1" type="stmt"/>
        <line num="42" count="6" type="cond" truecount="2" falsecount="0"/>
        <line num="48" count="1" type="stmt"/>
        <line num="50" count="4" type="stmt"/>
        <line num="54" count="1" type="stmt"/>
        <line num="56" count="18" type="stmt"/>
        <line num="63" count="1" type="stmt"/>
        <line num="65" count="3" type="stmt"/>
      </file>
      <file name="handleError.ts" path="D:\Грушевский\Programming\RS_School\crud-api-nodejs\src\Errors\handleError.ts">
        <metrics statements="14" coveredstatements="12" conditionals="6" coveredconditionals="5" methods="1" coveredmethods="1"/>
        <line num="2" count="1" type="stmt"/>
        <line num="4" count="1" type="stmt"/>
        <line num="5" count="37" type="cond" truecount="2" falsecount="0"/>
        <line num="6" count="32" type="stmt"/>
        <line num="7" count="32" type="stmt"/>
        <line num="8" count="5" type="cond" truecount="2" falsecount="0"/>
        <line num="9" count="2" type="stmt"/>
        <line num="10" count="2" type="stmt"/>
        <line num="11" count="3" type="cond" truecount="1" falsecount="1"/>
        <line num="12" count="0" type="stmt"/>
        <line num="13" count="0" type="stmt"/>
        <line num="15" count="3" type="stmt"/>
        <line num="16" count="3" type="stmt"/>
        <line num="17" count="3" type="stmt"/>
      </file>
    </package>
    <package name="server">
      <metrics statements="16" coveredstatements="15" conditionals="2" coveredconditionals="1" methods="5" coveredmethods="4"/>
      <file name="server.ts" path="D:\Грушевский\Programming\RS_School\crud-api-nodejs\src\server\server.ts">
        <metrics statements="16" coveredstatements="15" conditionals="2" coveredconditionals="1" methods="5" coveredmethods="4"/>
        <line num="1" count="1" type="stmt"/>
        <line num="2" count="1" type="stmt"/>
        <line num="3" count="1" type="stmt"/>
        <line num="5" count="1" type="stmt"/>
        <line num="7" count="1" type="stmt"/>
        <line num="14" count="1" type="cond" truecount="1" falsecount="1"/>
        <line num="16" count="1" type="stmt"/>
        <line num="17" count="44" type="stmt"/>
        <line num="18" count="44" type="stmt"/>
        <line num="19" count="44" type="stmt"/>
        <line num="20" count="44" type="stmt"/>
        <line num="22" count="37" type="stmt"/>
        <line num="26" count="1" type="stmt"/>
        <line num="27" count="1" type="stmt"/>
        <line num="30" count="1" type="stmt"/>
        <line num="36" count="0" type="stmt"/>
      </file>
    </package>
    <package name="services">
      <metrics statements="89" coveredstatements="88" conditionals="53" coveredconditionals="43" methods="20" coveredmethods="19"/>
      <file name="user.router.ts" path="D:\Грушевский\Programming\RS_School\crud-api-nodejs\src\services\user.router.ts">
        <metrics statements="57" coveredstatements="56" conditionals="47" coveredconditionals="37" methods="14" coveredmethods="13"/>
        <line num="2" count="1" type="stmt"/>
        <line num="3" count="1" type="stmt"/>
        <line num="5" count="1" type="stmt"/>
        <line num="8" count="1" type="stmt"/>
        <line num="10" count="1" type="stmt"/>
        <line num="11" count="7" type="stmt"/>
        <line num="12" count="7" type="cond" truecount="3" falsecount="1"/>
        <line num="14" count="7" type="cond" truecount="3" falsecount="0"/>
        <line num="15" count="2" type="stmt"/>
        <line num="16" count="2" type="stmt"/>
        <line num="17" count="4" type="stmt"/>
        <line num="18" count="1" type="stmt"/>
        <line num="19" count="1" type="stmt"/>
        <line num="23" count="1" type="stmt"/>
        <line num="24" count="2" type="stmt"/>
        <line num="25" count="2" type="stmt"/>
        <line num="26" count="2" type="stmt"/>
        <line num="29" count="1" type="stmt"/>
        <line num="30" count="4" type="cond" truecount="3" falsecount="0"/>
        <line num="31" count="4" type="stmt"/>
        <line num="32" count="1" type="stmt"/>
        <line num="33" count="1" type="stmt"/>
        <line num="37" count="14" type="stmt"/>
        <line num="38" count="14" type="stmt"/>
        <line num="39" count="14" type="cond" truecount="0" falsecount="1"/>
        <line num="40" count="14" type="cond" truecount="4" falsecount="1"/>
        <line num="41" count="13" type="cond" truecount="1" falsecount="0"/>
        <line num="43" count="12" type="stmt"/>
        <line num="44" count="2" type="stmt"/>
        <line num="45" count="2" type="stmt"/>
        <line num="48" count="1" type="stmt"/>
        <line num="49" count="4" type="cond" truecount="3" falsecount="2"/>
        <line num="50" count="4" type="stmt"/>
        <line num="51" count="4" type="cond" truecount="3" falsecount="1"/>
        <line num="52" count="4" type="cond" truecount="3" falsecount="0"/>
        <line num="53" count="4" type="stmt"/>
        <line num="54" count="1" type="stmt"/>
        <line num="55" count="1" type="stmt"/>
        <line num="59" count="16" type="stmt"/>
        <line num="60" count="16" type="stmt"/>
        <line num="61" count="16" type="cond" truecount="3" falsecount="2"/>
        <line num="62" count="16" type="cond" truecount="4" falsecount="1"/>
        <line num="63" count="15" type="cond" truecount="1" falsecount="0"/>
        <line num="65" count="14" type="stmt"/>
        <line num="66" count="14" type="cond" truecount="3" falsecount="1"/>
        <line num="68" count="14" type="cond" truecount="3" falsecount="0"/>
        <line num="69" count="14" type="stmt"/>
        <line num="70" count="1" type="stmt"/>
        <line num="71" count="1" type="stmt"/>
        <line num="75" count="30" type="stmt"/>
        <line num="76" count="30" type="stmt"/>
        <line num="77" count="30" type="stmt"/>
        <line num="78" count="30" type="stmt"/>
        <line num="79" count="0" type="stmt"/>
        <line num="80" count="28" type="stmt"/>
        <line num="82" count="30" type="stmt"/>
        <line num="83" count="30" type="stmt"/>
      </file>
      <file name="user.service.ts" path="D:\Грушевский\Programming\RS_School\crud-api-nodejs\src\services\user.service.ts">
        <metrics statements="32" coveredstatements="32" conditionals="6" coveredconditionals="6" methods="6" coveredmethods="6"/>
        <line num="1" count="1" type="stmt"/>
        <line num="2" count="1" type="stmt"/>
        <line num="4" count="1" type="stmt"/>
        <line num="5" count="1" type="stmt"/>
        <line num="7" count="2" type="stmt"/>
        <line num="9" count="1" type="stmt"/>
        <line num="10" count="8" type="cond" truecount="1" falsecount="0"/>
        <line num="12" count="9" type="stmt"/>
        <line num="13" count="6" type="cond" truecount="1" falsecount="0"/>
        <line num="14" count="3" type="stmt"/>
        <line num="17" count="1" type="stmt"/>
        <line num="18" count="11" type="stmt"/>
        <line num="19" count="11" type="stmt"/>
        <line num="24" count="11" type="stmt"/>
        <line num="25" count="2" type="stmt"/>
        <line num="27" count="2" type="stmt"/>
        <line num="30" count="1" type="stmt"/>
        <line num="31" count="4" type="cond" truecount="1" falsecount="0"/>
        <line num="33" count="2" type="stmt"/>
        <line num="35" count="1" type="cond" truecount="1" falsecount="0"/>
        <line num="36" count="1" type="stmt"/>
        <line num="37" count="1" type="stmt"/>
        <line num="38" count="1" type="stmt"/>
        <line num="42" count="1" type="stmt"/>
        <line num="43" count="13" type="cond" truecount="1" falsecount="0"/>
        <line num="45" count="11" type="stmt"/>
        <line num="47" count="2" type="stmt"/>
        <line num="49" count="1" type="cond" truecount="1" falsecount="0"/>
        <line num="50" count="1" type="stmt"/>
        <line num="51" count="1" type="stmt"/>
        <line num="52" count="1" type="stmt"/>
        <line num="55" count="1" type="stmt"/>
      </file>
    </package>
    <package name="utils">
      <metrics statements="23" coveredstatements="23" conditionals="12" coveredconditionals="12" methods="5" coveredmethods="5"/>
      <file name="constants.ts" path="D:\Грушевский\Programming\RS_School\crud-api-nodejs\src\utils\constants.ts">
        <metrics statements="7" coveredstatements="7" conditionals="2" coveredconditionals="2" methods="2" coveredmethods="2"/>
        <line num="3" count="1" type="cond" truecount="2" falsecount="0"/>
        <line num="4" count="1" type="stmt"/>
        <line num="5" count="1" type="stmt"/>
        <line num="6" count="1" type="stmt"/>
        <line num="9" count="1" type="stmt"/>
        <line num="11" count="1" type="stmt"/>
        <line num="13" count="12" type="stmt"/>
      </file>
      <file name="network.ts" path="D:\Грушевский\Programming\RS_School\crud-api-nodejs\src\utils\network.ts">
        <metrics statements="2" coveredstatements="2" conditionals="0" coveredconditionals="0" methods="0" coveredmethods="0"/>
        <line num="1" count="1" type="stmt"/>
        <line num="6" count="1" type="stmt"/>
      </file>
      <file name="userValidate.ts" path="D:\Грушевский\Programming\RS_School\crud-api-nodejs\src\utils\userValidate.ts">
        <metrics statements="14" coveredstatements="14" conditionals="10" coveredconditionals="10" methods="3" coveredmethods="3"/>
        <line num="1" count="1" type="stmt"/>
        <line num="4" count="1" type="stmt"/>
        <line num="5" count="22" type="stmt"/>
        <line num="6" count="22" type="cond" truecount="3" falsecount="0"/>
        <line num="7" count="12" type="stmt"/>
        <line num="8" count="10" type="cond" truecount="3" falsecount="0"/>
        <line num="9" count="2" type="stmt"/>
        <line num="10" count="8" type="cond" truecount="3" falsecount="0"/>
        <line num="11" count="2" type="stmt"/>
        <line num="13" count="6" type="stmt"/>
        <line num="16" count="1" type="stmt"/>
        <line num="17" count="6" type="stmt"/>
        <line num="18" count="10" type="cond" truecount="1" falsecount="0"/>
        <line num="19" count="2" type="stmt"/>
      </file>
    </package>
  </project>
</coverage>
