{"D:\\Грушевский\\Programming\\RS_School\\crud-api-nodejs\\src\\Errors\\customErrors.ts": {"path":"D:\\Грушевский\\Programming\\RS_School\\crud-api-nodejs\\src\\Errors\\customErrors.ts","statementMap":{"0":{"start":{"line":22,"column":8},"end":{"line":22,"column":23}},"1":{"start":{"line":23,"column":8},"end":{"line":23,"column":31}},"2":{"start":{"line":24,"column":8},"end":{"line":24,"column":25}},"3":{"start":{"line":17,"column":0},"end":{"line":17,"column":13}},"4":{"start":{"line":30,"column":8},"end":{"line":30,"column":45}},"5":{"start":{"line":28,"column":0},"end":{"line":28,"column":13}},"6":{"start":{"line":36,"column":8},"end":{"line":36,"column":45}},"7":{"start":{"line":34,"column":0},"end":{"line":34,"column":13}},"8":{"start":{"line":42,"column":8},"end":{"line":44,"column":72}},"9":{"start":{"line":40,"column":0},"end":{"line":40,"column":13}},"10":{"start":{"line":50,"column":8},"end":{"line":50,"column":47}},"11":{"start":{"line":48,"column":0},"end":{"line":48,"column":13}},"12":{"start":{"line":56,"column":8},"end":{"line":59,"column":10}},"13":{"start":{"line":54,"column":0},"end":{"line":54,"column":13}},"14":{"start":{"line":65,"column":8},"end":{"line":65,"column":48}},"15":{"start":{"line":63,"column":0},"end":{"line":63,"column":13}}},"fnMap":{"0":{"name":"(anonymous_0)","decl":{"start":{"line":21,"column":4},"end":{"line":21,"column":16}},"loc":{"start":{"line":21,"column":71},"end":{"line":25,"column":5}}},"1":{"name":"(anonymous_1)","decl":{"start":{"line":29,"column":4},"end":{"line":29,"column":16}},"loc":{"start":{"line":29,"column":57},"end":{"line":31,"column":5}}},"2":{"name":"(anonymous_2)","decl":{"start":{"line":35,"column":4},"end":{"line":35,"column":16}},"loc":{"start":{"line":35,"column":66},"end":{"line":37,"column":5}}},"3":{"name":"(anonymous_3)","decl":{"start":{"line":41,"column":4},"end":{"line":41,"column":16}},"loc":{"start":{"line":41,"column":26},"end":{"line":45,"column":5}}},"4":{"name":"(anonymous_4)","decl":{"start":{"line":49,"column":4},"end":{"line":49,"column":16}},"loc":{"start":{"line":49,"column":60},"end":{"line":51,"column":5}}},"5":{"name":"(anonymous_5)","decl":{"start":{"line":55,"column":4},"end":{"line":55,"column":16}},"loc":{"start":{"line":55,"column":49},"end":{"line":60,"column":5}}},"6":{"name":"(anonymous_6)","decl":{"start":{"line":64,"column":4},"end":{"line":64,"column":16}},"loc":{"start":{"line":64,"column":63},"end":{"line":66,"column":5}}}},"branchMap":{"0":{"loc":{"start":{"line":21,"column":33},"end":{"line":21,"column":71}},"type":"default-arg","locations":[{"start":{"line":21,"column":33},"end":{"line":21,"column":71}}]},"1":{"loc":{"start":{"line":29,"column":16},"end":{"line":29,"column":57}},"type":"default-arg","locations":[{"start":{"line":29,"column":16},"end":{"line":29,"column":57}}]},"2":{"loc":{"start":{"line":35,"column":16},"end":{"line":35,"column":66}},"type":"default-arg","locations":[{"start":{"line":35,"column":16},"end":{"line":35,"column":66}}]},"3":{"loc":{"start":{"line":42,"column":8},"end":{"line":44,"column":71}},"type":"cond-expr","locations":[{"start":{"line":43,"column":14},"end":{"line":43,"column":67}},{"start":{"line":44,"column":14},"end":{"line":44,"column":71}}]},"4":{"loc":{"start":{"line":49,"column":16},"end":{"line":49,"column":60}},"type":"default-arg","locations":[{"start":{"line":49,"column":16},"end":{"line":49,"column":60}}]},"5":{"loc":{"start":{"line":64,"column":16},"end":{"line":64,"column":63}},"type":"default-arg","locations":[{"start":{"line":64,"column":16},"end":{"line":64,"column":63}}]}},"s":{"0":35,"1":35,"2":35,"3":1,"4":3,"5":1,"6":1,"7":1,"8":6,"9":1,"10":4,"11":1,"12":18,"13":1,"14":3,"15":1},"f":{"0":35,"1":3,"2":1,"3":6,"4":4,"5":18,"6":3},"b":{"0":[0],"1":[3],"2":[1],"3":[3,3],"4":[4],"5":[3]}}
,"D:\\Грушевский\\Programming\\RS_School\\crud-api-nodejs\\src\\Errors\\handleError.ts": {"path":"D:\\Грушевский\\Programming\\RS_School\\crud-api-nodejs\\src\\Errors\\handleError.ts","statementMap":{"0":{"start":{"line":2,"column":0},"end":{"line":2,"column":91}},"1":{"start":{"line":4,"column":47},"end":{"line":19,"column":1}},"2":{"start":{"line":5,"column":4},"end":{"line":18,"column":5}},"3":{"start":{"line":6,"column":8},"end":{"line":6,"column":34}},"4":{"start":{"line":7,"column":8},"end":{"line":7,"column":29}},"5":{"start":{"line":8,"column":11},"end":{"line":18,"column":5}},"6":{"start":{"line":9,"column":8},"end":{"line":9,"column":48}},"7":{"start":{"line":10,"column":8},"end":{"line":10,"column":29}},"8":{"start":{"line":11,"column":11},"end":{"line":18,"column":5}},"9":{"start":{"line":12,"column":8},"end":{"line":12,"column":34}},"10":{"start":{"line":13,"column":8},"end":{"line":13,"column":29}},"11":{"start":{"line":15,"column":34},"end":{"line":15,"column":59}},"12":{"start":{"line":16,"column":8},"end":{"line":16,"column":30}},"13":{"start":{"line":17,"column":8},"end":{"line":17,"column":null}},"14":{"start":{"line":4,"column":13},"end":{"line":4,"column":47}}},"fnMap":{"0":{"name":"(anonymous_0)","decl":{"start":{"line":4,"column":47},"end":{"line":4,"column":48}},"loc":{"start":{"line":4,"column":63},"end":{"line":19,"column":1}}}},"branchMap":{"0":{"loc":{"start":{"line":5,"column":4},"end":{"line":18,"column":5}},"type":"if","locations":[{"start":{"line":5,"column":4},"end":{"line":18,"column":5}},{"start":{"line":8,"column":11},"end":{"line":18,"column":5}}]},"1":{"loc":{"start":{"line":8,"column":11},"end":{"line":18,"column":5}},"type":"if","locations":[{"start":{"line":8,"column":11},"end":{"line":18,"column":5}},{"start":{"line":11,"column":11},"end":{"line":18,"column":5}}]},"2":{"loc":{"start":{"line":11,"column":11},"end":{"line":18,"column":5}},"type":"if","locations":[{"start":{"line":11,"column":11},"end":{"line":18,"column":5}},{"start":{"line":14,"column":10},"end":{"line":18,"column":5}}]}},"s":{"0":1,"1":1,"2":37,"3":32,"4":32,"5":5,"6":2,"7":2,"8":3,"9":0,"10":0,"11":3,"12":3,"13":3,"14":1},"f":{"0":37},"b":{"0":[32,5],"1":[2,3],"2":[0,3]}}
,"D:\\Грушевский\\Programming\\RS_School\\crud-api-nodejs\\src\\server\\server.ts": {"path":"D:\\Грушевский\\Programming\\RS_School\\crud-api-nodejs\\src\\server\\server.ts","statementMap":{"0":{"start":{"line":1,"column":0},"end":{"line":1,"column":23}},"1":{"start":{"line":2,"column":0},"end":{"line":2,"column":24}},"2":{"start":{"line":3,"column":0},"end":{"line":3,"column":86}},"3":{"start":{"line":5,"column":0},"end":{"line":5,"column":52}},"4":{"start":{"line":7,"column":21},"end":{"line":12,"column":null}},"5":{"start":{"line":14,"column":13},"end":{"line":14,"column":44}},"6":{"start":{"line":16,"column":28},"end":{"line":31,"column":1}},"7":{"start":{"line":17,"column":19},"end":{"line":24,"column":6}},"8":{"start":{"line":17,"column":56},"end":{"line":24,"column":6}},"9":{"start":{"line":18,"column":23},"end":{"line":18,"column":47}},"10":{"start":{"line":19,"column":8},"end":{"line":23,"column":9}},"11":{"start":{"line":20,"column":12},"end":{"line":20,"column":null}},"12":{"start":{"line":22,"column":12},"end":{"line":22,"column":39}},"13":{"start":{"line":26,"column":4},"end":{"line":28,"column":7}},"14":{"start":{"line":27,"column":8},"end":{"line":27,"column":null}},"15":{"start":{"line":30,"column":4},"end":{"line":30,"column":18}},"16":{"start":{"line":16,"column":13},"end":{"line":16,"column":28}},"17":{"start":{"line":36,"column":4},"end":{"line":36,"column":49}}},"fnMap":{"0":{"name":"(anonymous_8)","decl":{"start":{"line":16,"column":28},"end":{"line":16,"column":31}},"loc":{"start":{"line":16,"column":33},"end":{"line":31,"column":1}}},"1":{"name":"(anonymous_9)","decl":{"start":{"line":17,"column":37},"end":{"line":17,"column":44}},"loc":{"start":{"line":17,"column":56},"end":{"line":24,"column":6}}},"2":{"name":"(anonymous_10)","decl":{"start":{"line":17,"column":56},"end":{"line":17,"column":null}},"loc":{"start":{"line":17,"column":56},"end":{"line":24,"column":5}}},"3":{"name":"(anonymous_11)","decl":{"start":{"line":26,"column":24},"end":{"line":26,"column":27}},"loc":{"start":{"line":26,"column":29},"end":{"line":28,"column":5}}},"4":{"name":"preflightRequest","decl":{"start":{"line":35,"column":9},"end":{"line":35,"column":25}},"loc":{"start":{"line":35,"column":132},"end":{"line":37,"column":1}}}},"branchMap":{"0":{"loc":{"start":{"line":14,"column":13},"end":{"line":14,"column":44}},"type":"binary-expr","locations":[{"start":{"line":14,"column":13},"end":{"line":14,"column":36}},{"start":{"line":14,"column":40},"end":{"line":14,"column":44}}]}},"s":{"0":1,"1":1,"2":1,"3":1,"4":1,"5":1,"6":1,"7":1,"8":44,"9":44,"10":44,"11":44,"12":37,"13":1,"14":1,"15":1,"16":1,"17":0},"f":{"0":1,"1":44,"2":44,"3":1,"4":0},"b":{"0":[1,0]}}
,"D:\\Грушевский\\Programming\\RS_School\\crud-api-nodejs\\src\\services\\user.router.ts": {"path":"D:\\Грушевский\\Programming\\RS_School\\crud-api-nodejs\\src\\services\\user.router.ts","statementMap":{"0":{"start":{"line":2,"column":0},"end":{"line":2,"column":60}},"1":{"start":{"line":3,"column":0},"end":{"line":3,"column":104}},"2":{"start":{"line":5,"column":0},"end":{"line":5,"column":61}},"3":{"start":{"line":8,"column":0},"end":{"line":8,"column":96}},"4":{"start":{"line":10,"column":43},"end":{"line":21,"column":1}},"5":{"start":{"line":11,"column":20},"end":{"line":11,"column":23}},"6":{"start":{"line":12,"column":39},"end":{"line":12,"column":76}},"7":{"start":{"line":14,"column":4},"end":{"line":20,"column":5}},"8":{"start":{"line":15,"column":23},"end":{"line":15,"column":42}},"9":{"start":{"line":16,"column":12},"end":{"line":16,"column":18}},"10":{"start":{"line":17,"column":38},"end":{"line":17,"column":68}},"11":{"start":{"line":18,"column":12},"end":{"line":18,"column":18}},"12":{"start":{"line":19,"column":17},"end":{"line":19,"column":51}},"13":{"start":{"line":10,"column":13},"end":{"line":10,"column":43}},"14":{"start":{"line":23,"column":36},"end":{"line":27,"column":1}},"15":{"start":{"line":24,"column":27},"end":{"line":24,"column":40}},"16":{"start":{"line":25,"column":4},"end":{"line":25,"column":62}},"17":{"start":{"line":26,"column":4},"end":{"line":26,"column":35}},"18":{"start":{"line":29,"column":20},"end":{"line":35,"column":1}},"19":{"start":{"line":30,"column":4},"end":{"line":34,"column":5}},"20":{"start":{"line":31,"column":47},"end":{"line":31,"column":65}},"21":{"start":{"line":32,"column":8},"end":{"line":32,"column":66}},"22":{"start":{"line":33,"column":8},"end":{"line":33,"column":45}},"23":{"start":{"line":37,"column":46},"end":{"line":46,"column":null}},"24":{"start":{"line":37,"column":65},"end":{"line":46,"column":null}},"25":{"start":{"line":38,"column":4},"end":{"line":38,"column":26}},"26":{"start":{"line":39,"column":4},"end":{"line":39,"column":64}},"27":{"start":{"line":39,"column":30},"end":{"line":39,"column":64}},"28":{"start":{"line":40,"column":4},"end":{"line":40,"column":56}},"29":{"start":{"line":40,"column":27},"end":{"line":40,"column":56}},"30":{"start":{"line":41,"column":4},"end":{"line":41,"column":58}},"31":{"start":{"line":41,"column":29},"end":{"line":41,"column":58}},"32":{"start":{"line":43,"column":27},"end":{"line":43,"column":62}},"33":{"start":{"line":44,"column":4},"end":{"line":44,"column":67}},"34":{"start":{"line":45,"column":4},"end":{"line":45,"column":37}},"35":{"start":{"line":37,"column":13},"end":{"line":37,"column":46}},"36":{"start":{"line":48,"column":46},"end":{"line":57,"column":1}},"37":{"start":{"line":49,"column":4},"end":{"line":49,"column":75}},"38":{"start":{"line":49,"column":41},"end":{"line":49,"column":75}},"39":{"start":{"line":50,"column":20},"end":{"line":50,"column":23}},"40":{"start":{"line":51,"column":35},"end":{"line":51,"column":72}},"41":{"start":{"line":52,"column":4},"end":{"line":56,"column":5}},"42":{"start":{"line":53,"column":8},"end":{"line":53,"column":27}},"43":{"start":{"line":54,"column":8},"end":{"line":54,"column":73}},"44":{"start":{"line":55,"column":8},"end":{"line":55,"column":18}},"45":{"start":{"line":48,"column":13},"end":{"line":48,"column":46}},"46":{"start":{"line":59,"column":46},"end":{"line":73,"column":null}},"47":{"start":{"line":59,"column":65},"end":{"line":73,"column":null}},"48":{"start":{"line":60,"column":4},"end":{"line":60,"column":26}},"49":{"start":{"line":61,"column":4},"end":{"line":61,"column":75}},"50":{"start":{"line":61,"column":41},"end":{"line":61,"column":75}},"51":{"start":{"line":62,"column":4},"end":{"line":62,"column":56}},"52":{"start":{"line":62,"column":27},"end":{"line":62,"column":56}},"53":{"start":{"line":63,"column":4},"end":{"line":63,"column":58}},"54":{"start":{"line":63,"column":29},"end":{"line":63,"column":58}},"55":{"start":{"line":65,"column":20},"end":{"line":65,"column":23}},"56":{"start":{"line":66,"column":35},"end":{"line":66,"column":72}},"57":{"start":{"line":68,"column":4},"end":{"line":72,"column":5}},"58":{"start":{"line":69,"column":28},"end":{"line":69,"column":68}},"59":{"start":{"line":70,"column":8},"end":{"line":70,"column":66}},"60":{"start":{"line":71,"column":8},"end":{"line":71,"column":38}},"61":{"start":{"line":59,"column":13},"end":{"line":59,"column":46}},"62":{"start":{"line":75,"column":19},"end":{"line":86,"column":2}},"63":{"start":{"line":75,"column":43},"end":{"line":86,"column":2}},"64":{"start":{"line":76,"column":4},"end":{"line":85,"column":7}},"65":{"start":{"line":77,"column":27},"end":{"line":77,"column":29}},"66":{"start":{"line":78,"column":8},"end":{"line":84,"column":15}},"67":{"start":{"line":79,"column":33},"end":{"line":79,"column":42}},"68":{"start":{"line":80,"column":45},"end":{"line":80,"column":67}},"69":{"start":{"line":82,"column":16},"end":{"line":82,"column":40}},"70":{"start":{"line":83,"column":16},"end":{"line":83,"column":30}}},"fnMap":{"0":{"name":"(anonymous_7)","decl":{"start":{"line":10,"column":43},"end":{"line":10,"column":44}},"loc":{"start":{"line":10,"column":56},"end":{"line":21,"column":1}}},"1":{"name":"(anonymous_8)","decl":{"start":{"line":23,"column":36},"end":{"line":23,"column":37}},"loc":{"start":{"line":23,"column":47},"end":{"line":27,"column":1}}},"2":{"name":"(anonymous_9)","decl":{"start":{"line":29,"column":20},"end":{"line":29,"column":21}},"loc":{"start":{"line":29,"column":85},"end":{"line":35,"column":1}}},"3":{"name":"(anonymous_10)","decl":{"start":{"line":37,"column":46},"end":{"line":37,"column":53}},"loc":{"start":{"line":37,"column":65},"end":{"line":46,"column":null}}},"4":{"name":"(anonymous_11)","decl":{"start":{"line":37,"column":65},"end":{"line":37,"column":null}},"loc":{"start":{"line":37,"column":65},"end":{"line":46,"column":1}}},"5":{"name":"(anonymous_12)","decl":{"start":{"line":48,"column":46},"end":{"line":48,"column":47}},"loc":{"start":{"line":48,"column":59},"end":{"line":57,"column":1}}},"6":{"name":"(anonymous_13)","decl":{"start":{"line":59,"column":46},"end":{"line":59,"column":53}},"loc":{"start":{"line":59,"column":65},"end":{"line":73,"column":null}}},"7":{"name":"(anonymous_14)","decl":{"start":{"line":59,"column":65},"end":{"line":59,"column":null}},"loc":{"start":{"line":59,"column":65},"end":{"line":73,"column":1}}},"8":{"name":"(anonymous_15)","decl":{"start":{"line":75,"column":19},"end":{"line":75,"column":26}},"loc":{"start":{"line":75,"column":43},"end":{"line":86,"column":2}}},"9":{"name":"(anonymous_16)","decl":{"start":{"line":75,"column":43},"end":{"line":75,"column":null}},"loc":{"start":{"line":75,"column":43},"end":{"line":86,"column":1}}},"10":{"name":"(anonymous_17)","decl":{"start":{"line":76,"column":23},"end":{"line":76,"column":24}},"loc":{"start":{"line":76,"column":43},"end":{"line":85,"column":5}}},"11":{"name":"(anonymous_18)","decl":{"start":{"line":79,"column":25},"end":{"line":79,"column":28}},"loc":{"start":{"line":79,"column":30},"end":{"line":79,"column":44}}},"12":{"name":"(anonymous_19)","decl":{"start":{"line":80,"column":24},"end":{"line":80,"column":25}},"loc":{"start":{"line":80,"column":42},"end":{"line":80,"column":69}}},"13":{"name":"(anonymous_20)","decl":{"start":{"line":81,"column":23},"end":{"line":81,"column":26}},"loc":{"start":{"line":81,"column":28},"end":{"line":84,"column":13}}}},"branchMap":{"0":{"loc":{"start":{"line":12,"column":39},"end":{"line":12,"column":76}},"type":"cond-expr","locations":[{"start":{"line":12,"column":42},"end":{"line":12,"column":44}},{"start":{"line":12,"column":39},"end":{"line":12,"column":76}}]},"1":{"loc":{"start":{"line":12,"column":39},"end":{"line":12,"column":44}},"type":"binary-expr","locations":[{"start":{"line":12,"column":39},"end":{"line":12,"column":44}},{"start":{"line":12,"column":39},"end":{"line":12,"column":44}}]},"2":{"loc":{"start":{"line":14,"column":4},"end":{"line":20,"column":5}},"type":"switch","locations":[{"start":{"line":15,"column":8},"end":{"line":16,"column":18}},{"start":{"line":17,"column":8},"end":{"line":18,"column":18}},{"start":{"line":19,"column":8},"end":{"line":19,"column":51}}]},"3":{"loc":{"start":{"line":30,"column":4},"end":{"line":34,"column":5}},"type":"if","locations":[{"start":{"line":30,"column":4},"end":{"line":34,"column":5}}]},"4":{"loc":{"start":{"line":30,"column":8},"end":{"line":30,"column":31}},"type":"binary-expr","locations":[{"start":{"line":30,"column":8},"end":{"line":30,"column":14}},{"start":{"line":30,"column":18},"end":{"line":30,"column":31}}]},"5":{"loc":{"start":{"line":39,"column":4},"end":{"line":39,"column":64}},"type":"if","locations":[{"start":{"line":39,"column":4},"end":{"line":39,"column":64}}]},"6":{"loc":{"start":{"line":40,"column":4},"end":{"line":40,"column":56}},"type":"if","locations":[{"start":{"line":40,"column":4},"end":{"line":40,"column":56}}]},"7":{"loc":{"start":{"line":40,"column":9},"end":{"line":40,"column":25}},"type":"cond-expr","locations":[{"start":{"line":40,"column":17},"end":{"line":40,"column":19}},{"start":{"line":40,"column":17},"end":{"line":40,"column":25}}]},"8":{"loc":{"start":{"line":40,"column":9},"end":{"line":40,"column":19}},"type":"binary-expr","locations":[{"start":{"line":40,"column":9},"end":{"line":40,"column":19}},{"start":{"line":40,"column":17},"end":{"line":40,"column":19}}]},"9":{"loc":{"start":{"line":41,"column":4},"end":{"line":41,"column":58}},"type":"if","locations":[{"start":{"line":41,"column":4},"end":{"line":41,"column":58}}]},"10":{"loc":{"start":{"line":49,"column":4},"end":{"line":49,"column":75}},"type":"if","locations":[{"start":{"line":49,"column":4},"end":{"line":49,"column":75}}]},"11":{"loc":{"start":{"line":49,"column":9},"end":{"line":49,"column":38}},"type":"cond-expr","locations":[{"start":{"line":49,"column":16},"end":{"line":49,"column":18}},{"start":{"line":49,"column":16},"end":{"line":49,"column":38}}]},"12":{"loc":{"start":{"line":49,"column":9},"end":{"line":49,"column":18}},"type":"binary-expr","locations":[{"start":{"line":49,"column":9},"end":{"line":49,"column":18}},{"start":{"line":49,"column":16},"end":{"line":49,"column":18}}]},"13":{"loc":{"start":{"line":51,"column":35},"end":{"line":51,"column":72}},"type":"cond-expr","locations":[{"start":{"line":51,"column":38},"end":{"line":51,"column":40}},{"start":{"line":51,"column":35},"end":{"line":51,"column":72}}]},"14":{"loc":{"start":{"line":51,"column":35},"end":{"line":51,"column":40}},"type":"binary-expr","locations":[{"start":{"line":51,"column":35},"end":{"line":51,"column":40}},{"start":{"line":51,"column":35},"end":{"line":51,"column":40}}]},"15":{"loc":{"start":{"line":52,"column":4},"end":{"line":56,"column":5}},"type":"if","locations":[{"start":{"line":52,"column":4},"end":{"line":56,"column":5}}]},"16":{"loc":{"start":{"line":52,"column":8},"end":{"line":52,"column":23}},"type":"binary-expr","locations":[{"start":{"line":52,"column":8},"end":{"line":52,"column":10}},{"start":{"line":52,"column":14},"end":{"line":52,"column":23}}]},"17":{"loc":{"start":{"line":61,"column":4},"end":{"line":61,"column":75}},"type":"if","locations":[{"start":{"line":61,"column":4},"end":{"line":61,"column":75}}]},"18":{"loc":{"start":{"line":61,"column":9},"end":{"line":61,"column":38}},"type":"cond-expr","locations":[{"start":{"line":61,"column":16},"end":{"line":61,"column":18}},{"start":{"line":61,"column":16},"end":{"line":61,"column":38}}]},"19":{"loc":{"start":{"line":61,"column":9},"end":{"line":61,"column":18}},"type":"binary-expr","locations":[{"start":{"line":61,"column":9},"end":{"line":61,"column":18}},{"start":{"line":61,"column":16},"end":{"line":61,"column":18}}]},"20":{"loc":{"start":{"line":62,"column":4},"end":{"line":62,"column":56}},"type":"if","locations":[{"start":{"line":62,"column":4},"end":{"line":62,"column":56}}]},"21":{"loc":{"start":{"line":62,"column":9},"end":{"line":62,"column":25}},"type":"cond-expr","locations":[{"start":{"line":62,"column":17},"end":{"line":62,"column":19}},{"start":{"line":62,"column":17},"end":{"line":62,"column":25}}]},"22":{"loc":{"start":{"line":62,"column":9},"end":{"line":62,"column":19}},"type":"binary-expr","locations":[{"start":{"line":62,"column":9},"end":{"line":62,"column":19}},{"start":{"line":62,"column":17},"end":{"line":62,"column":19}}]},"23":{"loc":{"start":{"line":63,"column":4},"end":{"line":63,"column":58}},"type":"if","locations":[{"start":{"line":63,"column":4},"end":{"line":63,"column":58}}]},"24":{"loc":{"start":{"line":66,"column":35},"end":{"line":66,"column":72}},"type":"cond-expr","locations":[{"start":{"line":66,"column":38},"end":{"line":66,"column":40}},{"start":{"line":66,"column":35},"end":{"line":66,"column":72}}]},"25":{"loc":{"start":{"line":66,"column":35},"end":{"line":66,"column":40}},"type":"binary-expr","locations":[{"start":{"line":66,"column":35},"end":{"line":66,"column":40}},{"start":{"line":66,"column":35},"end":{"line":66,"column":40}}]},"26":{"loc":{"start":{"line":68,"column":4},"end":{"line":72,"column":5}},"type":"if","locations":[{"start":{"line":68,"column":4},"end":{"line":72,"column":5}}]},"27":{"loc":{"start":{"line":68,"column":8},"end":{"line":68,"column":23}},"type":"binary-expr","locations":[{"start":{"line":68,"column":8},"end":{"line":68,"column":10}},{"start":{"line":68,"column":14},"end":{"line":68,"column":23}}]}},"s":{"0":1,"1":1,"2":1,"3":1,"4":1,"5":7,"6":7,"7":7,"8":2,"9":2,"10":4,"11":1,"12":1,"13":1,"14":1,"15":2,"16":2,"17":2,"18":1,"19":4,"20":4,"21":1,"22":1,"23":1,"24":14,"25":14,"26":14,"27":0,"28":14,"29":1,"30":13,"31":1,"32":12,"33":2,"34":2,"35":1,"36":1,"37":4,"38":0,"39":4,"40":4,"41":4,"42":4,"43":1,"44":1,"45":1,"46":1,"47":16,"48":16,"49":16,"50":0,"51":16,"52":1,"53":15,"54":1,"55":14,"56":14,"57":14,"58":14,"59":1,"60":1,"61":1,"62":1,"63":30,"64":30,"65":30,"66":30,"67":0,"68":28,"69":30,"70":30},"f":{"0":7,"1":2,"2":4,"3":14,"4":14,"5":4,"6":16,"7":16,"8":30,"9":30,"10":30,"11":0,"12":28,"13":30},"b":{"0":[0,7],"1":[7,7],"2":[2,4,1],"3":[4],"4":[4,1],"5":[0],"6":[1],"7":[0,14],"8":[14,14],"9":[1],"10":[0],"11":[0,4],"12":[4,4],"13":[0,4],"14":[4,4],"15":[4],"16":[4,1],"17":[0],"18":[0,16],"19":[16,16],"20":[1],"21":[0,16],"22":[16,16],"23":[1],"24":[0,14],"25":[14,14],"26":[14],"27":[14,1]}}
,"D:\\Грушевский\\Programming\\RS_School\\crud-api-nodejs\\src\\services\\user.service.ts": {"path":"D:\\Грушевский\\Programming\\RS_School\\crud-api-nodejs\\src\\services\\user.service.ts","statementMap":{"0":{"start":{"line":1,"column":0},"end":{"line":1,"column":36}},"1":{"start":{"line":2,"column":0},"end":{"line":2,"column":49}},"2":{"start":{"line":4,"column":0},"end":{"line":4,"column":75}},"3":{"start":{"line":5,"column":0},"end":{"line":5,"column":53}},"4":{"start":{"line":7,"column":27},"end":{"line":7,"column":55}},"5":{"start":{"line":7,"column":42},"end":{"line":7,"column":55}},"6":{"start":{"line":7,"column":13},"end":{"line":7,"column":27}},"7":{"start":{"line":9,"column":26},"end":{"line":15,"column":1}},"8":{"start":{"line":10,"column":4},"end":{"line":10,"column":56}},"9":{"start":{"line":10,"column":23},"end":{"line":10,"column":56}},"10":{"start":{"line":12,"column":36},"end":{"line":12,"column":78}},"11":{"start":{"line":12,"column":63},"end":{"line":12,"column":77}},"12":{"start":{"line":13,"column":4},"end":{"line":13,"column":41}},"13":{"start":{"line":13,"column":15},"end":{"line":13,"column":41}},"14":{"start":{"line":14,"column":4},"end":{"line":14,"column":17}},"15":{"start":{"line":9,"column":13},"end":{"line":9,"column":26}},"16":{"start":{"line":17,"column":29},"end":{"line":28,"column":1}},"17":{"start":{"line":18,"column":15},"end":{"line":18,"column":19}},"18":{"start":{"line":19,"column":17},"end":{"line":21,"column":null}},"19":{"start":{"line":24,"column":4},"end":{"line":24,"column":23}},"20":{"start":{"line":25,"column":4},"end":{"line":25,"column":32}},"21":{"start":{"line":27,"column":4},"end":{"line":27,"column":19}},"22":{"start":{"line":17,"column":13},"end":{"line":17,"column":29}},"23":{"start":{"line":30,"column":30},"end":{"line":40,"column":1}},"24":{"start":{"line":31,"column":4},"end":{"line":31,"column":56}},"25":{"start":{"line":31,"column":23},"end":{"line":31,"column":56}},"26":{"start":{"line":33,"column":44},"end":{"line":33,"column":58}},"27":{"start":{"line":35,"column":4},"end":{"line":39,"column":5}},"28":{"start":{"line":36,"column":25},"end":{"line":36,"column":38}},"29":{"start":{"line":37,"column":30},"end":{"line":37,"column":60}},"30":{"start":{"line":38,"column":8},"end":{"line":38,"column":34}},"31":{"start":{"line":30,"column":13},"end":{"line":30,"column":30}},"32":{"start":{"line":42,"column":30},"end":{"line":56,"column":1}},"33":{"start":{"line":43,"column":4},"end":{"line":43,"column":56}},"34":{"start":{"line":43,"column":23},"end":{"line":43,"column":56}},"35":{"start":{"line":45,"column":4},"end":{"line":45,"column":23}},"36":{"start":{"line":47,"column":44},"end":{"line":47,"column":58}},"37":{"start":{"line":49,"column":4},"end":{"line":53,"column":5}},"38":{"start":{"line":50,"column":34},"end":{"line":50,"column":47}},"39":{"start":{"line":51,"column":22},"end":{"line":51,"column":52}},"40":{"start":{"line":52,"column":8},"end":{"line":52,"column":56}},"41":{"start":{"line":55,"column":4},"end":{"line":55,"column":26}},"42":{"start":{"line":42,"column":13},"end":{"line":42,"column":30}}},"fnMap":{"0":{"name":"(anonymous_0)","decl":{"start":{"line":7,"column":27},"end":{"line":7,"column":39}},"loc":{"start":{"line":7,"column":42},"end":{"line":7,"column":55}}},"1":{"name":"(anonymous_1)","decl":{"start":{"line":9,"column":26},"end":{"line":9,"column":27}},"loc":{"start":{"line":9,"column":48},"end":{"line":15,"column":1}}},"2":{"name":"(anonymous_2)","decl":{"start":{"line":12,"column":55},"end":{"line":12,"column":59}},"loc":{"start":{"line":12,"column":63},"end":{"line":12,"column":77}}},"3":{"name":"(anonymous_3)","decl":{"start":{"line":17,"column":29},"end":{"line":17,"column":30}},"loc":{"start":{"line":17,"column":57},"end":{"line":28,"column":1}}},"4":{"name":"(anonymous_4)","decl":{"start":{"line":30,"column":30},"end":{"line":30,"column":31}},"loc":{"start":{"line":30,"column":51},"end":{"line":40,"column":1}}},"5":{"name":"(anonymous_5)","decl":{"start":{"line":42,"column":30},"end":{"line":42,"column":31}},"loc":{"start":{"line":42,"column":70},"end":{"line":56,"column":1}}}},"branchMap":{"0":{"loc":{"start":{"line":10,"column":4},"end":{"line":10,"column":56}},"type":"if","locations":[{"start":{"line":10,"column":4},"end":{"line":10,"column":56}}]},"1":{"loc":{"start":{"line":13,"column":4},"end":{"line":13,"column":41}},"type":"if","locations":[{"start":{"line":13,"column":4},"end":{"line":13,"column":41}}]},"2":{"loc":{"start":{"line":31,"column":4},"end":{"line":31,"column":56}},"type":"if","locations":[{"start":{"line":31,"column":4},"end":{"line":31,"column":56}}]},"3":{"loc":{"start":{"line":35,"column":4},"end":{"line":39,"column":5}},"type":"if","locations":[{"start":{"line":35,"column":4},"end":{"line":39,"column":5}}]},"4":{"loc":{"start":{"line":43,"column":4},"end":{"line":43,"column":56}},"type":"if","locations":[{"start":{"line":43,"column":4},"end":{"line":43,"column":56}}]},"5":{"loc":{"start":{"line":49,"column":4},"end":{"line":53,"column":5}},"type":"if","locations":[{"start":{"line":49,"column":4},"end":{"line":53,"column":5}}]}},"s":{"0":1,"1":1,"2":1,"3":1,"4":1,"5":2,"6":1,"7":1,"8":8,"9":2,"10":6,"11":9,"12":6,"13":3,"14":3,"15":1,"16":1,"17":11,"18":11,"19":11,"20":2,"21":2,"22":1,"23":1,"24":4,"25":2,"26":2,"27":1,"28":1,"29":1,"30":1,"31":1,"32":1,"33":13,"34":2,"35":11,"36":2,"37":1,"38":1,"39":1,"40":1,"41":1,"42":1},"f":{"0":2,"1":8,"2":9,"3":11,"4":4,"5":13},"b":{"0":[2],"1":[3],"2":[2],"3":[1],"4":[2],"5":[1]}}
,"D:\\Грушевский\\Programming\\RS_School\\crud-api-nodejs\\src\\utils\\constants.ts": {"path":"D:\\Грушевский\\Programming\\RS_School\\crud-api-nodejs\\src\\utils\\constants.ts","statementMap":{"0":{"start":{"line":3,"column":0},"end":{"line":3,"column":null}},"1":{"start":{"line":4,"column":4},"end":{"line":4,"column":null}},"2":{"start":{"line":5,"column":4},"end":{"line":5,"column":null}},"3":{"start":{"line":6,"column":4},"end":{"line":6,"column":null}},"4":{"start":{"line":9,"column":13},"end":{"line":9,"column":37}},"5":{"start":{"line":11,"column":31},"end":{"line":11,"column":33}},"6":{"start":{"line":13,"column":27},"end":{"line":13,"column":55}},"7":{"start":{"line":13,"column":42},"end":{"line":13,"column":55}},"8":{"start":{"line":13,"column":13},"end":{"line":13,"column":27}}},"fnMap":{"0":{"name":"(anonymous_0)","decl":{"start":{"line":3,"column":0},"end":{"line":3,"column":12}},"loc":{"start":{"line":3,"column":24},"end":{"line":7,"column":1}}},"1":{"name":"(anonymous_1)","decl":{"start":{"line":13,"column":27},"end":{"line":13,"column":39}},"loc":{"start":{"line":13,"column":42},"end":{"line":13,"column":55}}}},"branchMap":{"0":{"loc":{"start":{"line":3,"column":12},"end":{"line":3,"column":null}},"type":"binary-expr","locations":[{"start":{"line":3,"column":12},"end":{"line":3,"column":24}},{"start":{"line":3,"column":24},"end":{"line":3,"column":null}}]}},"s":{"0":1,"1":1,"2":1,"3":1,"4":1,"5":1,"6":1,"7":12,"8":1},"f":{"0":1,"1":12},"b":{"0":[1,1]}}
,"D:\\Грушевский\\Programming\\RS_School\\crud-api-nodejs\\src\\utils\\network.ts": {"path":"D:\\Грушевский\\Programming\\RS_School\\crud-api-nodejs\\src\\utils\\network.ts","statementMap":{"0":{"start":{"line":1,"column":50},"end":{"line":4,"column":2}},"1":{"start":{"line":6,"column":13},"end":{"line":8,"column":null}}},"fnMap":{},"branchMap":{},"s":{"0":1,"1":1},"f":{},"b":{}}
,"D:\\Грушевский\\Programming\\RS_School\\crud-api-nodejs\\src\\utils\\userValidate.ts": {"path":"D:\\Грушевский\\Programming\\RS_School\\crud-api-nodejs\\src\\utils\\userValidate.ts","statementMap":{"0":{"start":{"line":1,"column":0},"end":{"line":1,"column":61}},"1":{"start":{"line":4,"column":28},"end":{"line":14,"column":1}},"2":{"start":{"line":5,"column":39},"end":{"line":5,"column":43}},"3":{"start":{"line":6,"column":4},"end":{"line":7,"column":50}},"4":{"start":{"line":7,"column":8},"end":{"line":7,"column":50}},"5":{"start":{"line":8,"column":4},"end":{"line":9,"column":45}},"6":{"start":{"line":9,"column":8},"end":{"line":9,"column":45}},"7":{"start":{"line":10,"column":4},"end":{"line":12,"column":5}},"8":{"start":{"line":11,"column":8},"end":{"line":11,"column":49}},"9":{"start":{"line":13,"column":4},"end":{"line":13,"column":35}},"10":{"start":{"line":4,"column":13},"end":{"line":4,"column":28}},"11":{"start":{"line":16,"column":30},"end":{"line":21,"column":1}},"12":{"start":{"line":17,"column":4},"end":{"line":20,"column":null}},"13":{"start":{"line":18,"column":8},"end":{"line":19,"column":49}},"14":{"start":{"line":19,"column":8},"end":{"line":19,"column":49}}},"fnMap":{"0":{"name":"(anonymous_0)","decl":{"start":{"line":4,"column":28},"end":{"line":4,"column":29}},"loc":{"start":{"line":4,"column":49},"end":{"line":14,"column":1}}},"1":{"name":"(anonymous_1)","decl":{"start":{"line":16,"column":30},"end":{"line":16,"column":31}},"loc":{"start":{"line":16,"column":50},"end":{"line":21,"column":1}}},"2":{"name":"(anonymous_2)","decl":{"start":{"line":17,"column":18},"end":{"line":17,"column":22}},"loc":{"start":{"line":17,"column":25},"end":{"line":20,"column":5}}}},"branchMap":{"0":{"loc":{"start":{"line":6,"column":4},"end":{"line":7,"column":50}},"type":"if","locations":[{"start":{"line":6,"column":4},"end":{"line":7,"column":50}}]},"1":{"loc":{"start":{"line":6,"column":8},"end":{"line":6,"column":49}},"type":"binary-expr","locations":[{"start":{"line":6,"column":8},"end":{"line":6,"column":17}},{"start":{"line":6,"column":21},"end":{"line":6,"column":49}}]},"2":{"loc":{"start":{"line":8,"column":4},"end":{"line":9,"column":45}},"type":"if","locations":[{"start":{"line":8,"column":4},"end":{"line":9,"column":45}}]},"3":{"loc":{"start":{"line":8,"column":8},"end":{"line":8,"column":39}},"type":"binary-expr","locations":[{"start":{"line":8,"column":8},"end":{"line":8,"column":12}},{"start":{"line":8,"column":16},"end":{"line":8,"column":39}}]},"4":{"loc":{"start":{"line":10,"column":4},"end":{"line":12,"column":5}},"type":"if","locations":[{"start":{"line":10,"column":4},"end":{"line":12,"column":5}}]},"5":{"loc":{"start":{"line":10,"column":8},"end":{"line":10,"column":43}},"type":"binary-expr","locations":[{"start":{"line":10,"column":8},"end":{"line":10,"column":16}},{"start":{"line":10,"column":20},"end":{"line":10,"column":43}}]},"6":{"loc":{"start":{"line":18,"column":8},"end":{"line":19,"column":49}},"type":"if","locations":[{"start":{"line":18,"column":8},"end":{"line":19,"column":49}}]}},"s":{"0":1,"1":1,"2":22,"3":22,"4":12,"5":10,"6":2,"7":8,"8":2,"9":6,"10":1,"11":1,"12":6,"13":10,"14":2},"f":{"0":22,"1":6,"2":10},"b":{"0":[12],"1":[22,12],"2":[2],"3":[10,8],"4":[2],"5":[8,6],"6":[2]}}
}
