TN:
SF:src\Errors\customErrors.ts
FN:21,(anonymous_0)
FN:29,(anonymous_1)
FN:35,(anonymous_2)
FN:41,(anonymous_3)
FN:49,(anonymous_4)
FN:55,(anonymous_5)
FN:64,(anonymous_6)
FNF:7
FNH:7
FNDA:35,(anonymous_0)
FNDA:3,(anonymous_1)
FNDA:1,(anonymous_2)
FNDA:6,(anonymous_3)
FNDA:4,(anonymous_4)
FNDA:18,(anonymous_5)
FNDA:3,(anonymous_6)
DA:17,1
DA:22,35
DA:23,35
DA:24,35
DA:28,1
DA:30,3
DA:34,1
DA:36,1
DA:40,1
DA:42,6
DA:48,1
DA:50,4
DA:54,1
DA:56,18
DA:63,1
DA:65,3
LF:16
LH:16
BRDA:21,0,0,0
BRDA:29,1,0,3
BRDA:35,2,0,1
BRDA:42,3,0,3
BRDA:42,3,1,3
BRDA:49,4,0,4
BRDA:64,5,0,3
BRF:7
BRH:6
end_of_record
TN:
SF:src\Errors\handleError.ts
FN:4,(anonymous_0)
FNF:1
FNH:1
FNDA:37,(anonymous_0)
DA:2,1
DA:4,1
DA:5,37
DA:6,32
DA:7,32
DA:8,5
DA:9,2
DA:10,2
DA:11,3
DA:12,0
DA:13,0
DA:15,3
DA:16,3
DA:17,3
LF:14
LH:12
BRDA:5,0,0,32
BRDA:5,0,1,5
BRDA:8,1,0,2
BRDA:8,1,1,3
BRDA:11,2,0,0
BRDA:11,2,1,3
BRF:6
BRH:5
end_of_record
TN:
SF:src\server\server.ts
FN:16,(anonymous_8)
FN:17,(anonymous_9)
FN:17,(anonymous_10)
FN:26,(anonymous_11)
FN:35,preflightRequest
FNF:5
FNH:4
FNDA:1,(anonymous_8)
FNDA:44,(anonymous_9)
FNDA:44,(anonymous_10)
FNDA:1,(anonymous_11)
FNDA:0,preflightRequest
DA:1,1
DA:2,1
DA:3,1
DA:5,1
DA:7,1
DA:14,1
DA:16,1
DA:17,44
DA:18,44
DA:19,44
DA:20,44
DA:22,37
DA:26,1
DA:27,1
DA:30,1
DA:36,0
LF:16
LH:15
BRDA:14,0,0,1
BRDA:14,0,1,0
BRF:2
BRH:1
end_of_record
TN:
SF:src\services\user.router.ts
FN:10,(anonymous_7)
FN:23,(anonymous_8)
FN:29,(anonymous_9)
FN:37,(anonymous_10)
FN:37,(anonymous_11)
FN:48,(anonymous_12)
FN:59,(anonymous_13)
FN:59,(anonymous_14)
FN:75,(anonymous_15)
FN:75,(anonymous_16)
FN:76,(anonymous_17)
FN:79,(anonymous_18)
FN:80,(anonymous_19)
FN:81,(anonymous_20)
FNF:14
FNH:13
FNDA:7,(anonymous_7)
FNDA:2,(anonymous_8)
FNDA:4,(anonymous_9)
FNDA:14,(anonymous_10)
FNDA:14,(anonymous_11)
FNDA:4,(anonymous_12)
FNDA:16,(anonymous_13)
FNDA:16,(anonymous_14)
FNDA:30,(anonymous_15)
FNDA:30,(anonymous_16)
FNDA:30,(anonymous_17)
FNDA:0,(anonymous_18)
FNDA:28,(anonymous_19)
FNDA:30,(anonymous_20)
DA:2,1
DA:3,1
DA:5,1
DA:8,1
DA:10,1
DA:11,7
DA:12,7
DA:14,7
DA:15,2
DA:16,2
DA:17,4
DA:18,1
DA:19,1
DA:23,1
DA:24,2
DA:25,2
DA:26,2
DA:29,1
DA:30,4
DA:31,4
DA:32,1
DA:33,1
DA:37,14
DA:38,14
DA:39,14
DA:40,14
DA:41,13
DA:43,12
DA:44,2
DA:45,2
DA:48,1
DA:49,4
DA:50,4
DA:51,4
DA:52,4
DA:53,4
DA:54,1
DA:55,1
DA:59,16
DA:60,16
DA:61,16
DA:62,16
DA:63,15
DA:65,14
DA:66,14
DA:68,14
DA:69,14
DA:70,1
DA:71,1
DA:75,30
DA:76,30
DA:77,30
DA:78,30
DA:79,0
DA:80,28
DA:82,30
DA:83,30
LF:57
LH:56
BRDA:12,0,0,0
BRDA:12,0,1,7
BRDA:12,1,0,7
BRDA:12,1,1,7
BRDA:14,2,0,2
BRDA:14,2,1,4
BRDA:14,2,2,1
BRDA:30,3,0,4
BRDA:30,4,0,4
BRDA:30,4,1,1
BRDA:39,5,0,0
BRDA:40,6,0,1
BRDA:40,7,0,0
BRDA:40,7,1,14
BRDA:40,8,0,14
BRDA:40,8,1,14
BRDA:41,9,0,1
BRDA:49,10,0,0
BRDA:49,11,0,0
BRDA:49,11,1,4
BRDA:49,12,0,4
BRDA:49,12,1,4
BRDA:51,13,0,0
BRDA:51,13,1,4
BRDA:51,14,0,4
BRDA:51,14,1,4
BRDA:52,15,0,4
BRDA:52,16,0,4
BRDA:52,16,1,1
BRDA:61,17,0,0
BRDA:61,18,0,0
BRDA:61,18,1,16
BRDA:61,19,0,16
BRDA:61,19,1,16
BRDA:62,20,0,1
BRDA:62,21,0,0
BRDA:62,21,1,16
BRDA:62,22,0,16
BRDA:62,22,1,16
BRDA:63,23,0,1
BRDA:66,24,0,0
BRDA:66,24,1,14
BRDA:66,25,0,14
BRDA:66,25,1,14
BRDA:68,26,0,14
BRDA:68,27,0,14
BRDA:68,27,1,1
BRF:47
BRH:37
end_of_record
TN:
SF:src\services\user.service.ts
FN:7,(anonymous_0)
FN:9,(anonymous_1)
FN:12,(anonymous_2)
FN:17,(anonymous_3)
FN:30,(anonymous_4)
FN:42,(anonymous_5)
FNF:6
FNH:6
FNDA:2,(anonymous_0)
FNDA:8,(anonymous_1)
FNDA:9,(anonymous_2)
FNDA:11,(anonymous_3)
FNDA:4,(anonymous_4)
FNDA:13,(anonymous_5)
DA:1,1
DA:2,1
DA:4,1
DA:5,1
DA:7,2
DA:9,1
DA:10,8
DA:12,9
DA:13,6
DA:14,3
DA:17,1
DA:18,11
DA:19,11
DA:24,11
DA:25,2
DA:27,2
DA:30,1
DA:31,4
DA:33,2
DA:35,1
DA:36,1
DA:37,1
DA:38,1
DA:42,1
DA:43,13
DA:45,11
DA:47,2
DA:49,1
DA:50,1
DA:51,1
DA:52,1
DA:55,1
LF:32
LH:32
BRDA:10,0,0,2
BRDA:13,1,0,3
BRDA:31,2,0,2
BRDA:35,3,0,1
BRDA:43,4,0,2
BRDA:49,5,0,1
BRF:6
BRH:6
end_of_record
TN:
SF:src\utils\constants.ts
FN:3,(anonymous_0)
FN:13,(anonymous_1)
FNF:2
FNH:2
FNDA:1,(anonymous_0)
FNDA:12,(anonymous_1)
DA:3,1
DA:4,1
DA:5,1
DA:6,1
DA:9,1
DA:11,1
DA:13,12
LF:7
LH:7
BRDA:3,0,0,1
BRDA:3,0,1,1
BRF:2
BRH:2
end_of_record
TN:
SF:src\utils\network.ts
FNF:0
FNH:0
DA:1,1
DA:6,1
LF:2
LH:2
BRF:0
BRH:0
end_of_record
TN:
SF:src\utils\userValidate.ts
FN:4,(anonymous_0)
FN:16,(anonymous_1)
FN:17,(anonymous_2)
FNF:3
FNH:3
FNDA:22,(anonymous_0)
FNDA:6,(anonymous_1)
FNDA:10,(anonymous_2)
DA:1,1
DA:4,1
DA:5,22
DA:6,22
DA:7,12
DA:8,10
DA:9,2
DA:10,8
DA:11,2
DA:13,6
DA:16,1
DA:17,6
DA:18,10
DA:19,2
LF:14
LH:14
BRDA:6,0,0,12
BRDA:6,1,0,22
BRDA:6,1,1,12
BRDA:8,2,0,2
BRDA:8,3,0,10
BRDA:8,3,1,8
BRDA:10,4,0,2
BRDA:10,5,0,8
BRDA:10,5,1,6
BRDA:18,6,0,2
BRF:10
BRH:10
end_of_record
